<?xml version="1.0" encoding="UTF-8"?>
<!-- Generated by org.testng.reporters.JUnitReportReporter -->
<testsuite hostname="LPZWRO000000507" name="test.HeadlessChrome" tests="1" failures="0" timestamp="29 Aug 2019 06:21:23 GMT" time="9.643" errors="0">
  <testcase name="demoHdChrome" time="9.643" classname="test.HeadlessChrome"/>
</testsuite> <!-- test.HeadlessChrome -->
