<?xml version="1.0" encoding="UTF-8"?>
<!-- Generated by org.testng.reporters.JUnitReportReporter -->
<testsuite hostname="LPZWRO000000507" name="test.FluentWaitDemo" tests="1" failures="0" timestamp="28 Aug 2019 07:41:52 GMT" time="13.874" errors="0">
  <testcase name="fluentWait" time="13.874" classname="test.FluentWaitDemo"/>
</testsuite> <!-- test.FluentWaitDemo -->
