<?xml version="1.0" encoding="UTF-8"?>
<!-- Generated by org.testng.reporters.JUnitReportReporter -->
<testsuite hostname="LPZWRO000000507" name="test.TestNGLoginTest" tests="1" failures="0" timestamp="27 Aug 2019 09:05:35 GMT" time="14.018" errors="0">
  <testcase name="testLogin" time="14.018" classname="test.TestNGLoginTest"/>
</testsuite> <!-- test.TestNGLoginTest -->
