<?xml version="1.0" encoding="UTF-8"?>
<!-- Generated by org.testng.reporters.JUnitReportReporter -->
<testsuite hostname="LPZWRO000000507" name="test.TestNGLoginTest2" tests="1" failures="0" timestamp="7 Aug 2019 11:52:45 GMT" time="15.804" errors="0">
  <testcase name="testLogin3" time="15.804" classname="test.TestNGLoginTest2"/>
</testsuite> <!-- test.TestNGLoginTest2 -->
